2023-12-11 16:24:21 INFO  logger:52 - login with valid credential
2023-12-11 16:24:31 INFO  logger:58 - click on create event button
2023-12-11 16:24:50 INFO  logger:66 - select the package
2023-12-11 16:24:50 INFO  logger:72 - select month and pro options
2023-12-11 16:24:54 INFO  logger:81 - fill the event details
2023-12-11 16:25:01 INFO  logger:98 - drag Photo in Boothdesign
2023-12-11 16:25:04 INFO  logger:112 - create new photo
2023-12-11 16:25:04 INFO  logger:120 - select the new single photo options
2023-12-11 16:25:06 INFO  logger:132 - drag one more photo node
2023-12-11 16:25:07 INFO  logger:136 - drag the share options 
2023-12-11 16:30:08 INFO  logger:52 - login with valid credential
2023-12-11 16:30:10 INFO  logger:58 - click on create event button
2023-12-11 16:30:21 INFO  logger:66 - select the package
2023-12-11 16:30:21 INFO  logger:72 - select month and pro options
2023-12-11 16:30:25 INFO  logger:81 - fill the event details
2023-12-11 16:30:30 INFO  logger:98 - drag Photo in Boothdesign
2023-12-11 16:30:33 INFO  logger:112 - create new photo
2023-12-11 16:30:33 INFO  logger:120 - select the new single photo options
2023-12-11 16:30:36 INFO  logger:132 - drag one more photo node
2023-12-11 16:30:36 INFO  logger:136 - drag the share options 
2023-12-11 16:49:34 INFO  logger:52 - login with valid credential
2023-12-11 16:49:44 INFO  logger:52 - login with valid credential
2023-12-11 16:49:51 INFO  logger:58 - click on create event button
2023-12-11 16:49:55 INFO  logger:52 - login with valid credential
2023-12-11 16:49:57 INFO  logger:58 - click on create event button
2023-12-11 16:50:28 INFO  logger:66 - select the package
2023-12-11 16:50:29 INFO  logger:72 - select month and pro options
2023-12-11 16:50:33 INFO  logger:81 - fill the event details
2023-12-11 16:50:35 INFO  logger:66 - select the package
2023-12-11 16:50:35 INFO  logger:72 - select month and pro options
2023-12-11 16:50:38 INFO  logger:98 - drag Photo in Boothdesign
2023-12-11 16:50:39 INFO  logger:81 - fill the event details
2023-12-11 16:50:41 INFO  logger:112 - create new photo
2023-12-11 16:50:41 INFO  logger:120 - select the new single photo options
2023-12-11 16:50:49 INFO  logger:98 - drag Photo in Boothdesign
2023-12-11 16:50:49 INFO  logger:52 - login with valid credential
2023-12-11 16:50:51 INFO  logger:58 - click on create event button
2023-12-11 16:50:52 INFO  logger:112 - create new photo
2023-12-11 16:50:52 INFO  logger:120 - select the new single photo options
2023-12-11 16:50:59 INFO  logger:66 - select the package
2023-12-11 16:50:59 INFO  logger:72 - select month and pro options
2023-12-11 16:51:00 INFO  logger:52 - login with valid credential
2023-12-11 16:51:03 INFO  logger:81 - fill the event details
2023-12-11 16:51:03 INFO  logger:58 - click on create event button
2023-12-11 16:51:10 INFO  logger:98 - drag Photo in Boothdesign
2023-12-11 16:51:11 INFO  logger:66 - select the package
2023-12-11 16:51:11 INFO  logger:72 - select month and pro options
2023-12-11 16:51:13 INFO  logger:112 - create new photo
2023-12-11 16:51:13 INFO  logger:120 - select the new single photo options
2023-12-11 16:51:16 INFO  logger:81 - fill the event details
2023-12-11 16:51:22 INFO  logger:52 - login with valid credential
2023-12-11 16:51:23 INFO  logger:98 - drag Photo in Boothdesign
2023-12-11 16:51:26 INFO  logger:112 - create new photo
2023-12-11 16:51:26 INFO  logger:120 - select the new single photo options
2023-12-11 16:52:02 INFO  logger:52 - login with valid credential
2023-12-11 16:52:43 INFO  logger:58 - click on create event button
2023-12-11 16:52:57 INFO  logger:58 - click on create event button
2023-12-11 16:53:00 INFO  logger:66 - select the package
2023-12-11 16:53:00 INFO  logger:72 - select month and pro options
2023-12-11 16:53:04 INFO  logger:81 - fill the event details
2023-12-11 16:53:08 INFO  logger:66 - select the package
2023-12-11 16:53:08 INFO  logger:72 - select month and pro options
2023-12-11 16:53:12 INFO  logger:81 - fill the event details
2023-12-11 16:53:12 INFO  logger:98 - drag Photo in Boothdesign
2023-12-11 16:53:15 INFO  logger:112 - create new photo
2023-12-11 16:53:15 INFO  logger:120 - select the new single photo options
2023-12-11 16:53:18 INFO  logger:98 - drag Photo in Boothdesign
2023-12-11 16:53:21 INFO  logger:112 - create new photo
2023-12-11 16:53:21 INFO  logger:120 - select the new single photo options
2023-12-11 16:54:14 INFO  logger:52 - login with valid credential
2023-12-11 16:54:42 INFO  logger:58 - click on create event button
2023-12-11 16:54:50 INFO  logger:66 - select the package
2023-12-11 16:54:50 INFO  logger:72 - select month and pro options
2023-12-11 16:54:54 INFO  logger:81 - fill the event details
2023-12-11 16:55:03 INFO  logger:98 - drag Photo in Boothdesign
2023-12-11 16:55:06 INFO  logger:112 - create new photo
2023-12-11 16:55:06 INFO  logger:120 - select the new single photo options
2023-12-11 16:55:33 INFO  logger:52 - login with valid credential
2023-12-11 16:55:37 INFO  logger:58 - click on create event button
2023-12-11 16:55:49 INFO  logger:66 - select the package
2023-12-11 16:55:49 INFO  logger:72 - select month and pro options
2023-12-11 16:55:53 INFO  logger:81 - fill the event details
2023-12-11 16:56:00 INFO  logger:98 - drag Photo in Boothdesign
2023-12-11 16:59:05 INFO  logger:52 - login with valid credential
2023-12-11 16:59:07 INFO  logger:58 - click on create event button
2023-12-11 16:59:15 INFO  logger:66 - select the package
2023-12-11 16:59:15 INFO  logger:72 - select month and pro options
2023-12-11 16:59:19 INFO  logger:81 - fill the event details
2023-12-11 16:59:24 INFO  logger:98 - drag Photo in Boothdesign
2023-12-11 16:59:28 INFO  logger:112 - create new photo
2023-12-11 16:59:28 INFO  logger:120 - select the new single photo options
2023-12-11 16:59:37 INFO  logger:52 - login with valid credential
2023-12-11 16:59:39 INFO  logger:58 - click on create event button
2023-12-11 16:59:47 INFO  logger:66 - select the package
2023-12-11 16:59:47 INFO  logger:72 - select month and pro options
2023-12-11 16:59:50 INFO  logger:81 - fill the event details
2023-12-11 17:05:14 INFO  logger:52 - login with valid credential
2023-12-11 17:05:17 INFO  logger:58 - click on create event button
2023-12-11 17:05:31 INFO  logger:66 - select the package
2023-12-11 17:05:31 INFO  logger:72 - select month and pro options
2023-12-11 17:05:35 INFO  logger:81 - fill the event details
2023-12-11 17:05:41 INFO  logger:98 - drag Photo in Boothdesign
2023-12-11 17:05:43 INFO  logger:112 - create new photo
2023-12-11 17:05:43 INFO  logger:120 - select the new single photo options
2023-12-11 17:07:05 INFO  logger:52 - login with valid credential
2023-12-11 17:07:07 INFO  logger:58 - click on create event button
2023-12-11 17:07:14 INFO  logger:66 - select the package
2023-12-11 17:07:22 INFO  logger:52 - login with valid credential
2023-12-11 17:07:25 INFO  logger:58 - click on create event button
2023-12-11 17:07:35 INFO  logger:66 - select the package
2023-12-11 17:07:45 INFO  logger:52 - login with valid credential
2023-12-11 17:07:49 INFO  logger:58 - click on create event button
2023-12-11 17:08:04 INFO  logger:66 - select the package
2023-12-11 17:08:11 INFO  logger:52 - login with valid credential
2023-12-11 17:08:14 INFO  logger:58 - click on create event button
2023-12-11 17:08:26 INFO  logger:66 - select the package
2023-12-11 17:09:48 INFO  logger:52 - login with valid credential
2023-12-11 17:09:51 INFO  logger:58 - click on create event button
2023-12-11 17:10:01 INFO  logger:66 - select the package
2023-12-11 17:10:02 INFO  logger:72 - select month and pro options
2023-12-11 17:10:05 INFO  logger:81 - fill the event details
2023-12-11 17:11:11 INFO  logger:52 - login with valid credential
2023-12-11 17:11:26 INFO  logger:52 - login with valid credential
2023-12-11 17:11:28 INFO  logger:58 - click on create event button
2023-12-11 17:11:36 INFO  logger:66 - select the package
2023-12-11 17:11:36 INFO  logger:72 - select month and pro options
2023-12-11 17:11:40 INFO  logger:81 - fill the event details
2023-12-11 17:11:46 INFO  logger:98 - drag Photo in Boothdesign
2023-12-11 17:11:49 INFO  logger:112 - create new photo
2023-12-11 17:11:49 INFO  logger:120 - select the new single photo options
2023-12-11 17:11:57 INFO  logger:52 - login with valid credential
2023-12-11 17:12:00 INFO  logger:58 - click on create event button
2023-12-11 17:12:08 INFO  logger:66 - select the package
2023-12-11 17:12:08 INFO  logger:72 - select month and pro options
2023-12-11 17:13:51 INFO  logger:52 - login with valid credential
2023-12-11 17:13:54 INFO  logger:58 - click on create event button
2023-12-11 17:14:07 INFO  logger:66 - select the package
2023-12-11 17:14:08 INFO  logger:72 - select month and pro options
2023-12-11 17:14:11 INFO  logger:81 - fill the event details
2023-12-11 17:14:17 INFO  logger:98 - drag Photo in Boothdesign
2023-12-11 17:14:20 INFO  logger:112 - create new photo
2023-12-11 17:14:20 INFO  logger:120 - select the new single photo options
2023-12-11 17:14:30 INFO  logger:52 - login with valid credential
2023-12-11 17:14:33 INFO  logger:58 - click on create event button
2023-12-11 17:16:09 INFO  logger:52 - login with valid credential
2023-12-11 17:16:11 INFO  logger:58 - click on create event button
2023-12-11 17:16:19 INFO  logger:66 - select the package
2023-12-11 17:16:19 INFO  logger:72 - select month and pro options
2023-12-11 17:16:23 INFO  logger:81 - fill the event details
2023-12-11 17:16:29 INFO  logger:98 - drag Photo in Boothdesign
2023-12-11 17:16:32 INFO  logger:112 - create new photo
2023-12-11 17:16:32 INFO  logger:120 - select the new single photo options
2023-12-11 17:16:37 INFO  logger:134 - drag the share options 
2023-12-11 17:20:12 INFO  logger:52 - login with valid credential
2023-12-11 17:20:16 INFO  logger:58 - click on create event button
2023-12-11 17:20:28 INFO  logger:66 - select the package
2023-12-11 17:20:28 INFO  logger:72 - select month and pro options
2023-12-11 17:20:31 INFO  logger:81 - fill the event details
2023-12-11 17:20:37 INFO  logger:98 - drag Photo in Boothdesign
2023-12-11 17:20:40 INFO  logger:112 - create new photo
2023-12-11 17:20:40 INFO  logger:120 - select the new single photo options
2023-12-11 17:20:48 INFO  logger:134 - drag the share options 
2023-12-11 17:21:44 INFO  logger:52 - login with valid credential
2023-12-11 17:21:55 INFO  logger:58 - click on create event button
2023-12-11 17:22:12 INFO  logger:66 - select the package
2023-12-11 17:22:12 INFO  logger:72 - select month and pro options
2023-12-11 17:22:16 INFO  logger:81 - fill the event details
2023-12-11 17:22:22 INFO  logger:98 - drag Photo in Boothdesign
2023-12-11 17:22:25 INFO  logger:112 - create new photo
2023-12-11 17:22:25 INFO  logger:120 - select the new single photo options
2023-12-11 17:22:34 INFO  logger:134 - drag the share options 
2023-12-11 17:25:13 INFO  logger:52 - login with valid credential
2023-12-11 17:25:15 INFO  logger:58 - click on create event button
2023-12-11 17:25:26 INFO  logger:66 - select the package
2023-12-11 17:25:26 INFO  logger:72 - select month and pro options
2023-12-11 17:25:30 INFO  logger:81 - fill the event details
2023-12-11 17:25:36 INFO  logger:98 - drag Photo in Boothdesign
2023-12-11 17:25:39 INFO  logger:112 - create new photo
2023-12-11 17:25:39 INFO  logger:120 - select the new single photo options
2023-12-11 17:25:48 INFO  logger:134 - drag the share options 
2023-12-11 17:27:11 INFO  logger:52 - login with valid credential
2023-12-11 17:27:14 INFO  logger:58 - click on create event button
2023-12-11 17:27:22 INFO  logger:66 - select the package
2023-12-11 17:27:22 INFO  logger:72 - select month and pro options
2023-12-11 17:27:25 INFO  logger:81 - fill the event details
2023-12-11 17:27:31 INFO  logger:98 - drag Photo in Boothdesign
2023-12-11 17:27:34 INFO  logger:112 - create new photo
2023-12-11 17:27:34 INFO  logger:120 - select the new single photo options
2023-12-11 17:27:44 INFO  logger:134 - drag the share options 
2023-12-11 17:29:37 INFO  logger:52 - login with valid credential
2023-12-11 17:29:39 INFO  logger:58 - click on create event button
2023-12-11 17:29:47 INFO  logger:66 - select the package
2023-12-11 17:29:47 INFO  logger:72 - select month and pro options
2023-12-11 17:29:50 INFO  logger:81 - fill the event details
2023-12-11 17:29:56 INFO  logger:98 - drag Photo in Boothdesign
2023-12-11 17:29:59 INFO  logger:112 - create new photo
2023-12-11 17:29:59 INFO  logger:120 - select the new single photo options
2023-12-11 17:30:08 INFO  logger:52 - login with valid credential
2023-12-11 17:30:10 INFO  logger:58 - click on create event button
2023-12-11 17:30:17 INFO  logger:66 - select the package
2023-12-11 17:30:17 INFO  logger:72 - select month and pro options
2023-12-11 17:30:21 INFO  logger:81 - fill the event details
2023-12-11 17:30:27 INFO  logger:98 - drag Photo in Boothdesign
2023-12-11 17:30:30 INFO  logger:112 - create new photo
2023-12-11 17:30:30 INFO  logger:120 - select the new single photo options
2023-12-11 17:30:39 INFO  logger:134 - drag the share options 
2023-12-11 19:34:09 INFO  logger:52 - login with valid credential
2023-12-11 19:34:12 INFO  logger:58 - click on create event button
2023-12-11 19:34:24 INFO  logger:66 - select the package
2023-12-11 19:34:24 INFO  logger:72 - select month and pro options
2023-12-11 19:34:27 INFO  logger:81 - fill the event details
2023-12-11 19:34:32 INFO  logger:98 - drag Photo in Boothdesign
2023-12-11 19:34:35 INFO  logger:112 - create new photo
2023-12-11 19:34:35 INFO  logger:120 - select the new single photo options
2023-12-11 19:34:46 INFO  logger:134 - drag the share options 
2023-12-11 19:36:35 INFO  logger:52 - login with valid credential
2023-12-11 19:37:18 INFO  logger:58 - click on create event button
2023-12-11 19:40:26 INFO  logger:52 - login with valid credential
2023-12-11 19:40:28 INFO  logger:58 - click on create event button
2023-12-11 19:40:37 INFO  logger:66 - select the package
2023-12-11 19:40:37 INFO  logger:72 - select month and pro options
2023-12-11 19:40:40 INFO  logger:81 - fill the event details
2023-12-11 19:40:45 INFO  logger:98 - drag Photo in Boothdesign
2023-12-11 19:40:48 INFO  logger:112 - create new photo
2023-12-11 19:40:48 INFO  logger:120 - select the new single photo options
2023-12-11 19:40:58 INFO  logger:134 - drag the share options 
2023-12-11 19:41:50 INFO  logger:52 - login with valid credential
2023-12-11 19:42:11 INFO  logger:58 - click on create event button
2023-12-11 19:42:21 INFO  logger:66 - select the package
2023-12-11 19:43:11 INFO  logger:52 - login with valid credential
2023-12-11 19:43:15 INFO  logger:58 - click on create event button
2023-12-11 19:43:39 INFO  logger:66 - select the package
2023-12-11 19:43:39 INFO  logger:72 - select month and pro options
2023-12-11 19:43:43 INFO  logger:81 - fill the event details
2023-12-11 19:43:49 INFO  logger:98 - drag Photo in Boothdesign
2023-12-11 19:43:52 INFO  logger:112 - create new photo
2023-12-11 19:43:52 INFO  logger:120 - select the new single photo options
2023-12-11 19:44:06 INFO  logger:134 - drag the share options 
2023-12-11 19:49:09 INFO  logger:52 - login with valid credential
2023-12-11 19:49:23 INFO  logger:58 - click on create event button
2023-12-11 19:49:42 INFO  logger:66 - select the package
2023-12-11 19:49:42 INFO  logger:72 - select month and pro options
2023-12-11 19:49:45 INFO  logger:81 - fill the event details
2023-12-11 19:49:55 INFO  logger:98 - drag Photo in Boothdesign
2023-12-11 19:50:00 INFO  logger:112 - create new photo
2023-12-11 19:50:00 INFO  logger:120 - select the new single photo options
2023-12-11 19:50:08 INFO  logger:134 - drag the share options 
2023-12-11 19:52:21 INFO  logger:52 - login with valid credential
2023-12-11 19:52:24 INFO  logger:58 - click on create event button
2023-12-11 19:52:31 INFO  logger:66 - select the package
2023-12-11 19:52:31 INFO  logger:72 - select month and pro options
2023-12-11 19:52:34 INFO  logger:81 - fill the event details
2023-12-11 19:52:40 INFO  logger:98 - drag Photo in Boothdesign
2023-12-11 19:52:43 INFO  logger:112 - create new photo
2023-12-11 19:52:43 INFO  logger:120 - select the new single photo options
2023-12-11 19:52:58 INFO  logger:134 - drag the share options 
2023-12-11 19:54:09 INFO  logger:52 - login with valid credential
2023-12-11 19:54:21 INFO  logger:58 - click on create event button
2023-12-11 19:55:25 INFO  logger:52 - login with valid credential
2023-12-11 19:55:28 INFO  logger:58 - click on create event button
2023-12-11 19:55:40 INFO  logger:66 - select the package
2023-12-11 19:55:40 INFO  logger:72 - select month and pro options
2023-12-11 19:55:44 INFO  logger:81 - fill the event details
2023-12-11 19:55:49 INFO  logger:98 - drag Photo in Boothdesign
2023-12-11 19:55:52 INFO  logger:112 - create new photo
2023-12-11 19:55:52 INFO  logger:120 - select the new single photo options
2023-12-11 19:56:06 INFO  logger:134 - drag the share options 
2023-12-11 19:57:09 INFO  logger:52 - login with valid credential
2023-12-11 19:57:12 INFO  logger:58 - click on create event button
2023-12-11 19:57:23 INFO  logger:66 - select the package
2023-12-11 19:57:23 INFO  logger:72 - select month and pro options
2023-12-11 19:57:27 INFO  logger:81 - fill the event details
2023-12-11 19:57:32 INFO  logger:98 - drag Photo in Boothdesign
2023-12-11 19:57:35 INFO  logger:112 - create new photo
2023-12-11 19:57:35 INFO  logger:120 - select the new single photo options
2023-12-11 19:57:47 INFO  logger:134 - drag the share options 
2023-12-11 19:58:44 INFO  logger:52 - login with valid credential
2023-12-11 19:58:46 INFO  logger:58 - click on create event button
2023-12-11 19:58:54 INFO  logger:66 - select the package
2023-12-11 19:58:54 INFO  logger:72 - select month and pro options
2023-12-11 19:58:57 INFO  logger:81 - fill the event details
2023-12-11 19:59:03 INFO  logger:98 - drag Photo in Boothdesign
2023-12-11 19:59:06 INFO  logger:112 - create new photo
2023-12-11 19:59:06 INFO  logger:120 - select the new single photo options
2023-12-11 19:59:18 INFO  logger:134 - drag the share options 
2023-12-11 19:59:21 INFO  logger:148 - select the share options 
2023-12-11 19:59:22 INFO  logger:154 - click on next button
2023-12-11 19:59:24 INFO  logger:161 - fill the neccessory data 
2023-12-11 19:59:28 INFO  logger:167 - assser the valid data for new  event 
2023-12-11 19:59:46 INFO  logger:52 - login with valid credential
2023-12-11 20:18:37 INFO  logger:52 - login with valid credential
2023-12-11 20:18:40 INFO  logger:58 - click on create event button
2023-12-11 20:18:51 INFO  logger:66 - select the package
2023-12-11 20:18:51 INFO  logger:72 - select month and pro options
2023-12-11 20:18:55 INFO  logger:81 - fill the event details
2023-12-11 20:19:00 INFO  logger:98 - drag Photo in Boothdesign
2023-12-11 20:19:03 INFO  logger:112 - create new photo
2023-12-11 20:19:03 INFO  logger:120 - select the new single photo options
2023-12-11 20:19:16 INFO  logger:132 - drag the share options 
2023-12-11 20:19:19 INFO  logger:146 - select the share options 
2023-12-11 20:19:20 INFO  logger:152 - click on next button
2023-12-11 20:19:23 INFO  logger:159 - fill the neccessory data 
2023-12-11 20:19:27 INFO  logger:165 - assser the valid data for new  event 
2023-12-11 20:19:27 INFO  logger:168 - Event is created 
2023-12-12 12:56:25 INFO  logger:52 - login with valid credential
2023-12-12 12:56:28 INFO  logger:58 - click on create event button
2023-12-12 12:56:51 INFO  logger:66 - select the package
2023-12-12 12:56:51 INFO  logger:72 - select month and pro options
2023-12-12 12:56:55 INFO  logger:81 - fill the event details
2023-12-12 12:57:03 INFO  logger:98 - drag Photo in Boothdesign
2023-12-12 12:57:06 INFO  logger:112 - create new photo
2023-12-12 12:57:06 INFO  logger:120 - select the new single photo options
2023-12-12 12:57:21 INFO  logger:132 - drag the share options 
2023-12-12 12:57:42 INFO  logger:146 - select the share options 
2023-12-12 12:57:43 INFO  logger:152 - click on next button
2023-12-12 12:57:45 INFO  logger:159 - fill the neccessory data 
2023-12-12 12:57:50 INFO  logger:165 - assser the valid data for new  event 
2023-12-12 12:57:50 INFO  logger:168 - Event is created 
2023-12-12 14:03:14 INFO  logger:53 - login with valid credential
2023-12-12 14:03:19 INFO  logger:59 - click on create event button
2023-12-12 14:03:36 INFO  logger:67 - select the package
2023-12-12 14:03:36 INFO  logger:73 - select month and pro options
2023-12-12 14:03:40 INFO  logger:82 - fill the event details
2023-12-12 14:03:46 INFO  logger:90 - drag Photo in Boothdesign
2023-12-12 14:03:49 INFO  logger:100 - create single image photo
2023-12-12 14:03:50 INFO  logger:108 - Validate the Toggele button For single Photo
2023-12-12 14:03:57 INFO  logger:53 - login with valid credential
2023-12-12 14:03:59 INFO  logger:59 - click on create event button
2023-12-12 14:04:08 INFO  logger:67 - select the package
2023-12-12 14:04:08 INFO  logger:73 - select month and pro options
2023-12-12 14:04:12 INFO  logger:82 - fill the event details
2023-12-12 14:04:17 INFO  logger:90 - drag Photo in Boothdesign
2023-12-12 14:04:21 INFO  logger:100 - create single image photo
2023-12-12 14:04:22 INFO  logger:108 - Validate the Toggele button For single Photo
2023-12-12 14:04:36 INFO  logger:53 - login with valid credential
2023-12-12 14:04:40 INFO  logger:59 - click on create event button
2023-12-12 14:04:50 INFO  logger:67 - select the package
2023-12-12 14:04:50 INFO  logger:73 - select month and pro options
2023-12-12 14:04:53 INFO  logger:82 - fill the event details
2023-12-12 14:04:59 INFO  logger:90 - drag Photo in Boothdesign
2023-12-12 14:05:02 INFO  logger:100 - create single image photo
2023-12-12 14:05:03 INFO  logger:108 - Validate the Toggele button For single Photo
2023-12-12 14:05:08 INFO  logger:53 - login with valid credential
2023-12-12 14:06:15 INFO  logger:59 - click on create event button
2023-12-12 14:06:26 INFO  logger:67 - select the package
2023-12-12 14:06:27 INFO  logger:73 - select month and pro options
2023-12-12 14:06:31 INFO  logger:82 - fill the event details
2023-12-12 14:06:39 INFO  logger:90 - drag Photo in Boothdesign
2023-12-12 14:06:44 INFO  logger:100 - create single image photo
2023-12-12 14:06:46 INFO  logger:108 - Validate the Toggele button For single Photo
2023-12-12 14:08:01 INFO  logger:53 - login with valid credential
2023-12-12 14:08:05 INFO  logger:59 - click on create event button
2023-12-12 14:08:12 INFO  logger:67 - select the package
2023-12-12 14:08:12 INFO  logger:73 - select month and pro options
2023-12-12 14:08:16 INFO  logger:82 - fill the event details
2023-12-12 14:08:22 INFO  logger:90 - drag Photo in Boothdesign
2023-12-12 14:08:25 INFO  logger:100 - create single image photo
2023-12-12 14:09:22 INFO  logger:108 - Validate the Toggele button For single Photo
2023-12-12 14:09:40 INFO  logger:53 - login with valid credential
2023-12-12 14:10:32 INFO  logger:53 - login with valid credential
2023-12-12 14:10:34 INFO  logger:59 - click on create event button
2023-12-12 14:10:41 INFO  logger:67 - select the package
2023-12-12 14:10:41 INFO  logger:73 - select month and pro options
2023-12-12 14:10:45 INFO  logger:82 - fill the event details
2023-12-12 14:10:49 INFO  logger:90 - drag Photo in Boothdesign
2023-12-12 14:10:54 INFO  logger:100 - create single image photo
2023-12-12 14:10:56 INFO  logger:108 - Validate the Toggele button For single Photo
2023-12-12 14:11:40 INFO  logger:53 - login with valid credential
2023-12-12 14:12:46 INFO  logger:59 - click on create event button
2023-12-12 14:13:04 INFO  logger:52 - login with valid credential
2023-12-12 14:13:06 INFO  logger:58 - click on create event button
2023-12-12 14:13:13 INFO  logger:66 - select the package
2023-12-12 14:13:14 INFO  logger:72 - select month and pro options
2023-12-12 14:13:17 INFO  logger:81 - fill the event details
2023-12-12 14:13:22 INFO  logger:89 - drag Photo in Boothdesign
2023-12-12 14:13:25 INFO  logger:99 - create single image photo
2023-12-12 14:13:26 INFO  logger:107 - Validate the Toggele button For single Photo
2023-12-12 14:13:32 INFO  logger:52 - login with valid credential
2023-12-12 14:13:35 INFO  logger:58 - click on create event button
2023-12-12 14:13:43 INFO  logger:66 - select the package
2023-12-12 14:13:43 INFO  logger:72 - select month and pro options
2023-12-12 14:13:46 INFO  logger:81 - fill the event details
2023-12-12 14:13:52 INFO  logger:89 - drag Photo in Boothdesign
2023-12-12 14:13:56 INFO  logger:99 - create single image photo
2023-12-12 14:13:57 INFO  logger:107 - Validate the Toggele button For single Photo
2023-12-12 14:14:05 INFO  logger:52 - login with valid credential
2023-12-12 14:14:08 INFO  logger:58 - click on create event button
2023-12-12 14:14:36 INFO  logger:52 - login with valid credential
2023-12-12 14:14:47 INFO  logger:58 - click on create event button
2023-12-12 14:15:05 INFO  logger:66 - select the package
2023-12-12 14:15:05 INFO  logger:72 - select month and pro options
2023-12-12 14:15:09 INFO  logger:81 - fill the event details
2023-12-12 14:15:14 INFO  logger:89 - drag Photo in Boothdesign
2023-12-12 14:15:17 INFO  logger:99 - create single image photo
2023-12-12 14:15:18 INFO  logger:107 - Validate the Toggele button For single Photo
2023-12-12 14:15:25 INFO  logger:52 - login with valid credential
2023-12-12 14:15:27 INFO  logger:58 - click on create event button
2023-12-12 14:15:34 INFO  logger:66 - select the package
2023-12-12 14:15:35 INFO  logger:72 - select month and pro options
2023-12-12 14:15:38 INFO  logger:81 - fill the event details
2023-12-12 14:15:43 INFO  logger:89 - drag Photo in Boothdesign
2023-12-12 14:15:46 INFO  logger:99 - create single image photo
2023-12-12 14:15:48 INFO  logger:107 - Validate the Toggele button For single Photo
2023-12-12 14:15:54 INFO  logger:52 - login with valid credential
2023-12-12 14:16:00 INFO  logger:58 - click on create event button
2023-12-12 14:16:11 INFO  logger:66 - select the package
2023-12-12 14:16:11 INFO  logger:72 - select month and pro options
2023-12-12 14:16:14 INFO  logger:81 - fill the event details
2023-12-12 14:16:19 INFO  logger:89 - drag Photo in Boothdesign
2023-12-12 14:16:22 INFO  logger:99 - create single image photo
2023-12-12 14:16:23 INFO  logger:107 - Validate the Toggele button For single Photo
2023-12-12 14:16:30 INFO  logger:52 - login with valid credential
2023-12-12 14:16:32 INFO  logger:58 - click on create event button
2023-12-12 14:16:39 INFO  logger:66 - select the package
2023-12-12 14:16:40 INFO  logger:72 - select month and pro options
2023-12-12 14:16:43 INFO  logger:81 - fill the event details
2023-12-12 14:16:49 INFO  logger:89 - drag Photo in Boothdesign
2023-12-12 14:16:53 INFO  logger:99 - create single image photo
2023-12-12 14:16:57 INFO  logger:107 - Validate the Toggele button For single Photo
2023-12-12 14:17:41 INFO  logger:52 - login with valid credential
2023-12-12 14:18:07 INFO  logger:52 - login with valid credential
2023-12-12 14:19:21 INFO  logger:58 - click on create event button
2023-12-12 14:19:31 INFO  logger:66 - select the package
2023-12-12 14:19:31 INFO  logger:72 - select month and pro options
2023-12-12 14:19:35 INFO  logger:81 - fill the event details
2023-12-12 14:19:40 INFO  logger:89 - drag Photo in Boothdesign
2023-12-12 14:19:43 INFO  logger:99 - create single image photo
2023-12-12 14:19:45 INFO  logger:107 - Validate the Toggele button For single Photo
2023-12-12 14:19:53 INFO  logger:52 - login with valid credential
2023-12-12 14:19:55 INFO  logger:58 - click on create event button
2023-12-12 14:20:02 INFO  logger:66 - select the package
2023-12-12 14:20:02 INFO  logger:72 - select month and pro options
2023-12-12 14:20:05 INFO  logger:81 - fill the event details
2023-12-12 14:20:10 INFO  logger:89 - drag Photo in Boothdesign
2023-12-12 14:20:13 INFO  logger:99 - create single image photo
2023-12-12 14:20:15 INFO  logger:107 - Validate the Toggele button For single Photo
2023-12-12 14:20:22 INFO  logger:52 - login with valid credential
2023-12-12 14:20:25 INFO  logger:58 - click on create event button
2023-12-12 14:20:33 INFO  logger:66 - select the package
2023-12-12 14:20:33 INFO  logger:72 - select month and pro options
2023-12-12 14:20:37 INFO  logger:52 - login with valid credential
2023-12-12 14:20:57 INFO  logger:52 - login with valid credential
2023-12-12 14:21:00 INFO  logger:58 - click on create event button
2023-12-12 14:21:10 INFO  logger:66 - select the package
2023-12-12 14:21:11 INFO  logger:72 - select month and pro options
2023-12-12 14:21:14 INFO  logger:81 - fill the event details
2023-12-12 14:21:19 INFO  logger:89 - drag Photo in Boothdesign
2023-12-12 14:21:22 INFO  logger:99 - create single image photo
2023-12-12 14:21:24 INFO  logger:107 - Validate the Toggele button For single Photo
2023-12-12 14:49:54 INFO  logger:54 - login with valid credential
2023-12-12 14:49:56 INFO  logger:60 - click on create event button
2023-12-12 14:50:03 INFO  logger:68 - select the package
2023-12-12 14:50:03 INFO  logger:74 - select month and pro options
2023-12-12 14:50:07 INFO  logger:83 - fill the event details
2023-12-12 14:50:12 INFO  logger:90 - drag Photo in Boothdesign
2023-12-12 14:50:15 INFO  logger:100 - create new Gif
2023-12-12 14:50:15 INFO  logger:108 - click on creat new gif option
2023-12-12 14:50:15 INFO  logger:110 - fill the neccessory details in gif
2023-12-12 14:52:51 INFO  logger:54 - login with valid credential
2023-12-12 14:52:53 INFO  logger:60 - click on create event button
2023-12-12 14:53:00 INFO  logger:68 - select the package
2023-12-12 14:53:00 INFO  logger:74 - select month and pro options
2023-12-12 14:53:04 INFO  logger:83 - fill the event details
2023-12-12 14:53:09 INFO  logger:90 - drag Gif in Boothdesign
2023-12-12 14:53:12 INFO  logger:100 - create new Gif
2023-12-12 14:53:12 INFO  logger:108 - click on creat new gif option
2023-12-12 14:53:12 INFO  logger:110 - fill the neccessory details in gif
2023-12-12 14:54:37 INFO  logger:54 - login with valid credential
2023-12-12 14:54:39 INFO  logger:60 - click on create event button
2023-12-12 14:54:43 INFO  logger:54 - login with valid credential
2023-12-12 14:54:47 INFO  logger:68 - select the package
2023-12-12 14:54:47 INFO  logger:74 - select month and pro options
2023-12-12 14:54:51 INFO  logger:83 - fill the event details
2023-12-12 14:54:57 INFO  logger:90 - drag Gif in Boothdesign
2023-12-12 14:54:59 INFO  logger:100 - create new Gif
2023-12-12 14:54:59 INFO  logger:107 - click on creat new gif option
2023-12-12 14:55:00 INFO  logger:111 - fill the neccessory details in gif
2023-12-12 14:55:09 INFO  logger:54 - login with valid credential
2023-12-12 14:55:11 INFO  logger:60 - click on create event button
2023-12-12 14:55:18 INFO  logger:54 - login with valid credential
2023-12-12 14:55:19 INFO  logger:68 - select the package
2023-12-12 14:55:19 INFO  logger:74 - select month and pro options
2023-12-12 14:55:20 INFO  logger:60 - click on create event button
2023-12-12 14:55:23 INFO  logger:83 - fill the event details
2023-12-12 14:55:34 INFO  logger:54 - login with valid credential
2023-12-12 14:56:25 INFO  logger:54 - login with valid credential
2023-12-12 14:56:27 INFO  logger:60 - click on create event button
2023-12-12 14:56:34 INFO  logger:68 - select the package
2023-12-12 14:56:34 INFO  logger:74 - select month and pro options
2023-12-12 14:56:37 INFO  logger:83 - fill the event details
2023-12-12 14:56:43 INFO  logger:90 - drag Gif in Boothdesign
2023-12-12 14:56:46 INFO  logger:100 - create new Gif
2023-12-12 14:56:46 INFO  logger:107 - click on creat new gif option
2023-12-12 14:56:46 INFO  logger:111 - fill the neccessory details in gif
2023-12-12 14:57:00 INFO  logger:54 - login with valid credential
2023-12-12 14:57:03 INFO  logger:60 - click on create event button
2023-12-12 14:57:10 INFO  logger:68 - select the package
2023-12-12 14:57:10 INFO  logger:74 - select month and pro options
2023-12-12 14:57:13 INFO  logger:83 - fill the event details
2023-12-12 14:58:35 INFO  logger:54 - login with valid credential
2023-12-12 14:58:36 INFO  logger:60 - click on create event button
2023-12-12 14:58:43 INFO  logger:68 - select the package
2023-12-12 14:58:44 INFO  logger:74 - select month and pro options
2023-12-12 14:58:47 INFO  logger:83 - fill the event details
2023-12-12 14:58:52 INFO  logger:90 - drag Gif in Boothdesign
2023-12-12 14:58:54 INFO  logger:106 - click on create new gif option
2023-12-12 14:59:42 INFO  logger:54 - login with valid credential
2023-12-12 14:59:44 INFO  logger:60 - click on create event button
2023-12-12 14:59:51 INFO  logger:68 - select the package
2023-12-12 14:59:51 INFO  logger:74 - select month and pro options
2023-12-12 14:59:54 INFO  logger:83 - fill the event details
2023-12-12 15:00:00 INFO  logger:90 - drag Gif in Boothdesign
2023-12-12 15:00:03 INFO  logger:106 - click on create new gif option
2023-12-12 15:00:04 INFO  logger:110 - fill the neccessory details in gif
2023-12-12 15:00:54 INFO  logger:54 - login with valid credential
2023-12-12 15:00:56 INFO  logger:60 - click on create event button
2023-12-12 15:01:04 INFO  logger:68 - select the package
2023-12-12 15:01:04 INFO  logger:74 - select month and pro options
2023-12-12 15:01:08 INFO  logger:83 - fill the event details
2023-12-12 15:01:13 INFO  logger:90 - drag Gif in Boothdesign
2023-12-12 15:01:16 INFO  logger:106 - click on create new gif option
2023-12-12 15:01:17 INFO  logger:110 - fill the neccessory details in gif
2023-12-12 15:01:39 INFO  logger:54 - login with valid credential
2023-12-12 15:01:41 INFO  logger:60 - click on create event button
2023-12-12 15:01:48 INFO  logger:68 - select the package
2023-12-12 15:01:48 INFO  logger:74 - select month and pro options
2023-12-12 15:01:51 INFO  logger:83 - fill the event details
2023-12-12 15:01:57 INFO  logger:90 - drag Gif in Boothdesign
2023-12-12 15:02:00 INFO  logger:106 - click on create new gif option
2023-12-12 15:02:01 INFO  logger:110 - fill the neccessory details in gif
2023-12-12 15:03:41 INFO  logger:54 - login with valid credential
2023-12-12 15:03:43 INFO  logger:60 - click on create event button
2023-12-12 15:03:50 INFO  logger:68 - select the package
2023-12-12 15:03:50 INFO  logger:74 - select month and pro options
2023-12-12 15:03:54 INFO  logger:83 - fill the event details
2023-12-12 15:03:58 INFO  logger:90 - drag Gif in Boothdesign
2023-12-12 15:04:01 INFO  logger:106 - click on create new gif option
2023-12-12 15:04:02 INFO  logger:110 - fill the neccessory details in gif
2023-12-12 15:05:36 INFO  logger:54 - login with valid credential
2023-12-12 15:05:38 INFO  logger:60 - click on create event button
2023-12-12 15:05:46 INFO  logger:68 - select the package
2023-12-12 15:05:46 INFO  logger:74 - select month and pro options
2023-12-12 15:05:49 INFO  logger:83 - fill the event details
2023-12-12 15:05:55 INFO  logger:90 - drag Gif in Boothdesign
2023-12-12 15:05:58 INFO  logger:106 - click on create new gif option
2023-12-12 15:05:59 INFO  logger:110 - fill the neccessory details in gif
2023-12-12 15:07:50 INFO  logger:54 - login with valid credential
2023-12-12 15:07:51 INFO  logger:60 - click on create event button
2023-12-12 15:07:59 INFO  logger:68 - select the package
2023-12-12 15:07:59 INFO  logger:74 - select month and pro options
2023-12-12 15:08:02 INFO  logger:83 - fill the event details
2023-12-12 15:08:08 INFO  logger:90 - drag Gif in Boothdesign
2023-12-12 15:08:11 INFO  logger:106 - click on create new gif option
2023-12-12 15:08:12 INFO  logger:110 - fill the neccessory details in gif
2023-12-12 15:16:28 INFO  logger:54 - login with valid credential
2023-12-12 15:16:30 INFO  logger:60 - click on create event button
2023-12-12 15:16:40 INFO  logger:68 - select the package
2023-12-12 15:16:40 INFO  logger:74 - select month and pro options
2023-12-12 15:16:44 INFO  logger:83 - fill the event details
2023-12-12 15:16:50 INFO  logger:90 - drag Gif in Boothdesign
2023-12-12 15:16:54 INFO  logger:106 - click on create new gif option
2023-12-12 15:16:54 INFO  logger:110 - fill the neccessory details in gif
2023-12-12 15:18:25 INFO  logger:54 - login with valid credential
2023-12-12 15:18:27 INFO  logger:60 - click on create event button
2023-12-12 15:18:35 INFO  logger:68 - select the package
2023-12-12 15:18:35 INFO  logger:74 - select month and pro options
2023-12-12 15:18:39 INFO  logger:83 - fill the event details
2023-12-12 15:18:44 INFO  logger:90 - drag Gif in Boothdesign
2023-12-12 15:18:47 INFO  logger:106 - click on create new gif option
2023-12-12 15:18:48 INFO  logger:110 - fill the neccessory details in gif
2023-12-12 15:19:00 INFO  logger:122 - select the share options 
2023-12-12 15:19:05 INFO  logger:54 - login with valid credential
2023-12-12 15:19:08 INFO  logger:60 - click on create event button
2023-12-12 15:22:58 INFO  logger:54 - login with valid credential
2023-12-12 15:23:01 INFO  logger:60 - click on create event button
2023-12-12 15:23:09 INFO  logger:68 - select the package
2023-12-12 15:23:10 INFO  logger:74 - select month and pro options
2023-12-12 15:23:13 INFO  logger:83 - fill the event details
2023-12-12 15:23:19 INFO  logger:90 - drag Gif in Boothdesign
2023-12-12 15:23:22 INFO  logger:106 - click on create new gif option
2023-12-12 15:23:22 INFO  logger:110 - fill the neccessory details in gif
2023-12-12 15:23:35 INFO  logger:123 - select the share options 
2023-12-12 15:23:45 INFO  logger:54 - login with valid credential
2023-12-12 15:23:48 INFO  logger:60 - click on create event button
2023-12-12 15:24:04 INFO  logger:68 - select the package
2023-12-12 15:24:05 INFO  logger:74 - select month and pro options
2023-12-12 15:24:08 INFO  logger:83 - fill the event details
2023-12-12 15:24:14 INFO  logger:90 - drag Gif in Boothdesign
2023-12-12 15:24:17 INFO  logger:106 - click on create new gif option
2023-12-12 15:24:18 INFO  logger:110 - fill the neccessory details in gif
2023-12-12 15:24:31 INFO  logger:123 - select the share options 
2023-12-12 15:26:01 INFO  logger:54 - login with valid credential
2023-12-12 15:26:25 INFO  logger:54 - login with valid credential
2023-12-12 15:28:17 INFO  logger:54 - login with valid credential
2023-12-12 15:28:21 INFO  logger:60 - click on create event button
2023-12-12 15:28:34 INFO  logger:68 - select the package
2023-12-12 15:28:34 INFO  logger:74 - select month and pro options
2023-12-12 15:28:38 INFO  logger:83 - fill the event details
2023-12-12 15:28:44 INFO  logger:90 - drag Gif in Boothdesign
2023-12-12 15:28:46 INFO  logger:108 - click on create new gif option
2023-12-12 15:28:47 INFO  logger:112 - fill the neccessory details in gif
2023-12-12 15:29:00 INFO  logger:128 - select the share options 
2023-12-12 15:29:07 INFO  logger:54 - login with valid credential
2023-12-12 15:29:12 INFO  logger:60 - click on create event button
2023-12-12 15:32:01 INFO  logger:54 - login with valid credential
2023-12-12 15:32:06 INFO  logger:60 - click on create event button
2023-12-12 15:32:21 INFO  logger:68 - select the package
2023-12-12 15:32:21 INFO  logger:74 - select month and pro options
2023-12-12 15:32:25 INFO  logger:83 - fill the event details
2023-12-12 15:32:30 INFO  logger:90 - drag Gif in Boothdesign
2023-12-12 15:32:33 INFO  logger:108 - click on create new gif option
2023-12-12 15:32:34 INFO  logger:112 - fill the neccessory details in gif
2023-12-12 15:32:47 INFO  logger:128 - select the share options 
2023-12-12 15:32:53 INFO  logger:54 - login with valid credential
2023-12-12 15:32:56 INFO  logger:60 - click on create event button
2023-12-12 15:33:08 INFO  logger:68 - select the package
2023-12-12 15:33:08 INFO  logger:74 - select month and pro options
2023-12-12 15:36:44 INFO  logger:54 - login with valid credential
2023-12-12 15:36:47 INFO  logger:60 - click on create event button
2023-12-12 15:37:02 INFO  logger:68 - select the package
2023-12-12 15:37:02 INFO  logger:74 - select month and pro options
2023-12-12 15:37:06 INFO  logger:83 - fill the event details
2023-12-12 15:37:12 INFO  logger:90 - drag Gif in Boothdesign
2023-12-12 15:37:15 INFO  logger:108 - click on create new gif option
2023-12-12 15:37:15 INFO  logger:112 - fill the neccessory details in gif
2023-12-12 15:37:30 INFO  logger:128 - select the share options 
2023-12-12 15:37:37 INFO  logger:54 - login with valid credential
2023-12-12 15:37:40 INFO  logger:60 - click on create event button
2023-12-12 15:38:28 INFO  logger:54 - login with valid credential
2023-12-12 15:38:31 INFO  logger:60 - click on create event button
2023-12-12 15:38:48 INFO  logger:68 - select the package
2023-12-12 15:38:48 INFO  logger:74 - select month and pro options
2023-12-12 15:38:52 INFO  logger:83 - fill the event details
2023-12-12 15:38:57 INFO  logger:90 - drag Gif in Boothdesign
2023-12-12 15:39:01 INFO  logger:108 - click on create new gif option
2023-12-12 15:39:01 INFO  logger:112 - fill the neccessory details in gif
2023-12-12 15:39:16 INFO  logger:128 - select the share options 
2023-12-12 15:39:24 INFO  logger:54 - login with valid credential
2023-12-12 15:41:39 INFO  logger:54 - login with valid credential
2023-12-12 15:41:43 INFO  logger:60 - click on create event button
2023-12-12 15:41:53 INFO  logger:68 - select the package
2023-12-12 15:41:53 INFO  logger:74 - select month and pro options
2023-12-12 15:41:57 INFO  logger:83 - fill the event details
2023-12-12 15:42:03 INFO  logger:90 - drag Gif in Boothdesign
2023-12-12 15:42:06 INFO  logger:108 - click on create new gif option
2023-12-12 15:42:07 INFO  logger:112 - fill the neccessory details in gif
2023-12-12 15:42:22 INFO  logger:128 - select the share options 
2023-12-12 15:42:29 INFO  logger:54 - login with valid credential
2023-12-12 15:44:41 INFO  logger:54 - login with valid credential
2023-12-12 15:44:43 INFO  logger:60 - click on create event button
2023-12-12 15:45:02 INFO  logger:68 - select the package
2023-12-12 15:45:02 INFO  logger:74 - select month and pro options
2023-12-12 15:45:06 INFO  logger:83 - fill the event details
2023-12-12 15:45:12 INFO  logger:90 - drag Gif in Boothdesign
2023-12-12 15:45:14 INFO  logger:108 - click on create new gif option
2023-12-12 15:45:15 INFO  logger:112 - fill the neccessory details in gif
2023-12-12 15:45:33 INFO  logger:128 - select the share options 
2023-12-12 15:45:35 INFO  logger:134 - click on next button
2023-12-12 15:45:37 INFO  logger:141 - fill the neccessory data 
2023-12-12 15:45:41 INFO  logger:147 - assser the valid data for new  event 
2023-12-12 15:45:41 INFO  logger:150 - Event is created 
2023-12-12 15:49:30 INFO  logger:54 - login with valid credential
2023-12-12 15:49:33 INFO  logger:60 - click on create event button
2023-12-12 15:49:43 INFO  logger:68 - select the package
2023-12-12 15:49:43 INFO  logger:74 - select month and pro options
2023-12-12 15:49:46 INFO  logger:83 - fill the event details
2023-12-12 15:49:52 INFO  logger:90 - drag Gif in Boothdesign
2023-12-12 15:49:55 INFO  logger:108 - click on create new gif option
2023-12-12 15:49:56 INFO  logger:112 - fill the neccessory details in gif
2023-12-12 15:50:13 INFO  logger:128 - select the share options 
2023-12-12 15:50:14 INFO  logger:134 - click on next button
2023-12-12 15:50:17 INFO  logger:141 - fill the neccessory data 
2023-12-12 15:50:21 INFO  logger:147 - assser the valid data for new  event 
2023-12-12 15:50:21 INFO  logger:150 - Event is created 
2023-12-12 15:53:22 INFO  logger:54 - login with valid credential
2023-12-12 15:53:28 INFO  logger:60 - click on create event button
2023-12-12 15:53:41 INFO  logger:68 - select the package
2023-12-12 15:53:41 INFO  logger:74 - select month and pro options
2023-12-12 15:53:45 INFO  logger:83 - fill the event details
2023-12-12 15:53:50 INFO  logger:90 - drag Gif in Boothdesign
2023-12-12 15:53:52 INFO  logger:108 - click on create new gif option
2023-12-12 15:53:52 INFO  logger:112 - fill the neccessory details in gif
2023-12-12 15:54:07 INFO  logger:128 - select the share options 
2023-12-12 15:54:08 INFO  logger:134 - click on next button
2023-12-12 15:54:10 INFO  logger:141 - fill the neccessory data 
2023-12-12 15:54:14 INFO  logger:147 - assser the valid data for new  event 
2023-12-12 15:54:14 INFO  logger:150 - Event is created 
2023-12-12 16:02:57 INFO  logger:55 - login with valid credential
2023-12-12 16:02:57 INFO  logger:55 - login with valid credential
2023-12-12 16:02:57 INFO  logger:55 - login with valid credential
2023-12-12 16:02:57 INFO  logger:55 - login with valid credential
2023-12-12 16:02:57 INFO  logger:53 - login with valid credential
2023-12-12 16:02:57 INFO  logger:53 - login with valid credential
2023-12-12 16:02:57 INFO  logger:53 - login with valid credential
2023-12-12 16:02:57 INFO  logger:53 - login with valid credential
2023-12-12 16:03:36 INFO  logger:55 - login with valid credential
2023-12-12 16:03:36 INFO  logger:55 - login with valid credential
2023-12-12 16:03:36 INFO  logger:55 - login with valid credential
2023-12-12 16:03:36 INFO  logger:55 - login with valid credential
2023-12-12 16:03:36 INFO  logger:53 - login with valid credential
2023-12-12 16:03:36 INFO  logger:53 - login with valid credential
2023-12-12 16:03:36 INFO  logger:53 - login with valid credential
2023-12-12 16:03:36 INFO  logger:53 - login with valid credential
2023-12-12 16:05:20 INFO  logger:55 - login with valid credential
2023-12-12 16:05:20 INFO  logger:55 - login with valid credential
2023-12-12 16:05:20 INFO  logger:55 - login with valid credential
2023-12-12 16:05:20 INFO  logger:55 - login with valid credential
2023-12-12 16:05:20 INFO  logger:53 - login with valid credential
2023-12-12 16:05:20 INFO  logger:53 - login with valid credential
2023-12-12 16:05:20 INFO  logger:53 - login with valid credential
2023-12-12 16:05:20 INFO  logger:53 - login with valid credential
2023-12-12 16:05:58 INFO  logger:55 - login with valid credential
2023-12-12 16:05:58 INFO  logger:55 - login with valid credential
2023-12-12 16:05:58 INFO  logger:55 - login with valid credential
2023-12-12 16:05:58 INFO  logger:55 - login with valid credential
2023-12-12 16:05:58 INFO  logger:53 - login with valid credential
2023-12-12 16:05:58 INFO  logger:53 - login with valid credential
2023-12-12 16:05:58 INFO  logger:53 - login with valid credential
2023-12-12 16:05:58 INFO  logger:53 - login with valid credential
2023-12-12 16:09:55 INFO  logger:55 - login with valid credential
2023-12-12 16:09:55 INFO  logger:55 - login with valid credential
2023-12-12 16:09:55 INFO  logger:55 - login with valid credential
2023-12-12 16:09:55 INFO  logger:55 - login with valid credential
2023-12-12 16:09:55 INFO  logger:53 - login with valid credential
2023-12-12 16:09:55 INFO  logger:53 - login with valid credential
2023-12-12 16:09:55 INFO  logger:53 - login with valid credential
2023-12-12 16:09:55 INFO  logger:53 - login with valid credential
2023-12-12 17:11:09 INFO  logger:55 - login with valid credential
2023-12-12 17:11:18 INFO  logger:61 - click on create event button
2023-12-12 17:11:43 INFO  logger:69 - select the package
2023-12-12 17:11:43 INFO  logger:75 - select month and pro options
2023-12-12 17:11:46 INFO  logger:84 - fill the event details
2023-12-12 17:11:52 INFO  logger:91 - drag Gif in Boothdesign
2023-12-12 17:11:54 INFO  logger:109 - click on create new gif option
2023-12-12 17:11:54 INFO  logger:113 - fill the neccessory details in gif
2023-12-12 17:12:09 INFO  logger:129 - select the share options 
2023-12-12 17:12:10 INFO  logger:135 - click on next button
2023-12-12 17:12:12 INFO  logger:142 - fill the neccessory data 
2023-12-12 17:12:17 INFO  logger:148 - assser the valid data for new  event 
2023-12-12 17:12:17 INFO  logger:151 - Event is created 
2023-12-12 17:13:50 INFO  logger:53 - login with valid credential
2023-12-12 17:13:50 INFO  logger:53 - login with valid credential
2023-12-12 17:13:51 INFO  logger:53 - login with valid credential
2023-12-12 17:13:51 INFO  logger:53 - login with valid credential
2023-12-12 17:13:59 INFO  logger:53 - login with valid credential
2023-12-12 17:14:03 INFO  logger:59 - click on create event button
2023-12-12 17:14:17 INFO  logger:67 - select the package
2023-12-12 17:14:17 INFO  logger:73 - select month and pro options
2023-12-12 17:14:21 INFO  logger:82 - fill the event details
2023-12-12 17:14:27 INFO  logger:99 - drag Photo in Boothdesign
2023-12-12 17:14:30 INFO  logger:113 - create new photo
2023-12-12 17:14:30 INFO  logger:121 - select the new single photo options
2023-12-12 17:14:42 INFO  logger:133 - drag the share options 
2023-12-12 17:14:45 INFO  logger:147 - select the share options 
2023-12-12 17:14:46 INFO  logger:153 - click on next button
2023-12-12 17:14:49 INFO  logger:160 - fill the neccessory data 
2023-12-12 17:14:53 INFO  logger:166 - assser the valid data for new  event 
2023-12-12 17:14:53 INFO  logger:169 - Event is created 
2023-12-12 17:19:54 INFO  logger:53 - login with valid credential
2023-12-12 17:20:14 INFO  logger:59 - click on create event button
2023-12-12 17:20:24 INFO  logger:67 - select the package
2023-12-12 17:20:24 INFO  logger:73 - select month and pro options
2023-12-12 17:20:28 INFO  logger:82 - fill the event details
2023-12-12 17:20:34 INFO  logger:90 - drag Photo in Boothdesign
2023-12-12 17:20:37 INFO  logger:100 - create single image photo
2023-12-12 17:20:38 INFO  logger:108 - Validate the Toggele button For single Photo
2023-12-12 17:23:03 INFO  logger:55 - login with valid credential
2023-12-12 17:23:07 INFO  logger:61 - click on create event button
2023-12-12 17:23:23 INFO  logger:69 - select the package
2023-12-12 17:23:24 INFO  logger:75 - select month and pro options
2023-12-12 17:23:28 INFO  logger:84 - fill the event details
2023-12-12 17:23:35 INFO  logger:91 - drag Gif in Boothdesign
2023-12-12 17:23:37 INFO  logger:109 - click on create new gif option
2023-12-12 17:23:38 INFO  logger:113 - fill the neccessory details in gif
2023-12-12 17:23:54 INFO  logger:129 - select the share options 
2023-12-12 17:23:57 INFO  logger:135 - click on next button
2023-12-12 17:24:00 INFO  logger:142 - fill the neccessory data 
2023-12-12 17:24:04 INFO  logger:148 - assser the valid data for new  event 
2023-12-12 17:24:04 INFO  logger:151 - Event is created 
2023-12-12 17:24:14 INFO  logger:53 - login with valid credential
2023-12-12 17:24:17 INFO  logger:59 - click on create event button
2023-12-12 17:24:27 INFO  logger:67 - select the package
2023-12-12 17:24:27 INFO  logger:73 - select month and pro options
2023-12-12 17:24:31 INFO  logger:82 - fill the event details
2023-12-12 17:24:37 INFO  logger:90 - drag Photo in Boothdesign
2023-12-12 17:24:40 INFO  logger:100 - create single image photo
2023-12-12 17:24:41 INFO  logger:108 - Validate the Toggele button For single Photo
2023-12-12 17:24:50 INFO  logger:53 - login with valid credential
2023-12-12 17:24:52 INFO  logger:59 - click on create event button
2023-12-12 17:25:02 INFO  logger:67 - select the package
2023-12-12 17:25:17 INFO  logger:53 - login with valid credential
2023-12-12 17:25:20 INFO  logger:59 - click on create event button
2023-12-12 17:25:32 INFO  logger:67 - select the package
2023-12-12 17:25:32 INFO  logger:73 - select month and pro options
2023-12-12 17:25:35 INFO  logger:82 - fill the event details
2023-12-12 17:25:41 INFO  logger:99 - drag Photo in Boothdesign
2023-12-12 17:25:45 INFO  logger:113 - create new photo
2023-12-12 17:25:45 INFO  logger:121 - select the new single photo options
2023-12-12 17:25:58 INFO  logger:133 - drag the share options 
2023-12-12 17:26:01 INFO  logger:147 - select the share options 
2023-12-12 17:26:02 INFO  logger:153 - click on next button
2023-12-12 17:26:05 INFO  logger:160 - fill the neccessory data 
2023-12-12 17:26:09 INFO  logger:166 - assser the valid data for new  event 
2023-12-12 17:26:09 INFO  logger:169 - Event is created 
2023-12-13 13:24:38 INFO  logger:55 - login with valid credential
2023-12-13 13:24:44 INFO  logger:61 - click on create event button
2023-12-13 13:24:55 INFO  logger:69 - select the package
2023-12-13 13:24:56 INFO  logger:75 - select month and pro options
2023-12-13 13:24:59 INFO  logger:84 - fill the event details
2023-12-13 13:25:04 INFO  logger:91 - drag Gif in Boothdesign
2023-12-13 13:25:05 INFO  logger:109 - click on create new gif option
2023-12-13 13:25:06 INFO  logger:113 - fill the neccessory details in gif
2023-12-13 13:25:20 INFO  logger:129 - select the share options 
2023-12-13 13:25:21 INFO  logger:135 - click on next button
2023-12-13 13:25:23 INFO  logger:142 - fill the neccessory data 
2023-12-13 13:25:27 INFO  logger:148 - assser the valid data for new  event 
2023-12-13 13:25:27 INFO  logger:151 - Event is created 
2023-12-13 13:25:36 INFO  logger:53 - login with valid credential
2023-12-13 13:25:39 INFO  logger:59 - click on create event button
2023-12-13 13:25:57 INFO  logger:67 - select the package
2023-12-13 13:25:57 INFO  logger:73 - select month and pro options
2023-12-13 13:26:00 INFO  logger:82 - fill the event details
2023-12-13 13:26:05 INFO  logger:90 - drag Photo in Boothdesign
2023-12-13 13:26:08 INFO  logger:100 - create single image photo
2023-12-13 13:26:09 INFO  logger:108 - Validate the Toggele button For single Photo
2023-12-13 13:28:44 INFO  logger:53 - login with valid credential
2023-12-13 13:28:49 INFO  logger:59 - click on create event button
2023-12-13 13:29:04 INFO  logger:67 - select the package
2023-12-13 13:29:04 INFO  logger:73 - select month and pro options
2023-12-13 13:29:08 INFO  logger:82 - fill the event details
2023-12-13 13:29:13 INFO  logger:90 - drag Photo in Boothdesign
2023-12-13 13:29:16 INFO  logger:100 - create single image photo
2023-12-13 13:29:16 INFO  logger:108 - Validate the Toggele button For single Photo
2023-12-13 13:36:42 INFO  logger:55 - login with valid credential
2023-12-13 13:36:56 INFO  logger:61 - click on create event button
2023-12-13 13:37:14 INFO  logger:69 - select the package
2023-12-13 13:37:14 INFO  logger:75 - select month and pro options
2023-12-13 13:37:17 INFO  logger:84 - fill the event details
2023-12-13 13:37:22 INFO  logger:91 - drag Gif in Boothdesign
2023-12-13 13:37:23 INFO  logger:109 - click on create new gif option
2023-12-13 13:37:24 INFO  logger:113 - fill the neccessory details in gif
2023-12-13 13:37:38 INFO  logger:129 - select the share options 
2023-12-13 13:37:39 INFO  logger:135 - click on next button
2023-12-13 13:37:41 INFO  logger:142 - fill the neccessory data 
2023-12-13 13:37:45 INFO  logger:148 - assser the valid data for new  event 
2023-12-13 13:37:45 INFO  logger:151 - Event is created 
2023-12-13 13:38:30 INFO  logger:55 - login with valid credential
2023-12-13 13:38:34 INFO  logger:61 - click on create event button
2023-12-13 13:38:51 INFO  logger:69 - select the package
2023-12-13 13:38:51 INFO  logger:75 - select month and pro options
2023-12-13 13:38:55 INFO  logger:84 - fill the event details
2023-12-13 13:39:00 INFO  logger:91 - drag Gif in Boothdesign
2023-12-13 13:39:01 INFO  logger:109 - click on create new gif option
2023-12-13 13:39:02 INFO  logger:113 - fill the neccessory details in gif
2023-12-13 13:39:16 INFO  logger:129 - select the share options 
2023-12-13 13:39:17 INFO  logger:135 - click on next button
2023-12-13 13:39:19 INFO  logger:142 - fill the neccessory data 
2023-12-13 13:39:23 INFO  logger:148 - assser the valid data for new  event 
2023-12-13 13:39:23 INFO  logger:151 - Event is created 
2023-12-13 13:46:52 INFO  logger:55 - login with valid credential
2023-12-13 13:46:58 INFO  logger:61 - click on create event button
2023-12-13 13:47:24 INFO  logger:69 - select the package
2023-12-13 13:47:25 INFO  logger:75 - select month and pro options
2023-12-13 13:47:28 INFO  logger:84 - fill the event details
2023-12-13 13:47:34 INFO  logger:91 - drag Gif in Boothdesign
2023-12-13 13:47:35 INFO  logger:109 - click on create new gif option
2023-12-13 13:47:36 INFO  logger:113 - fill the neccessory details in gif
2023-12-13 13:47:50 INFO  logger:129 - select the share options 
2023-12-13 13:47:52 INFO  logger:135 - click on next button
2023-12-13 13:47:54 INFO  logger:142 - fill the neccessory data 
2023-12-13 13:47:59 INFO  logger:148 - assser the valid data for new  event 
2023-12-13 13:47:59 INFO  logger:151 - Event is created 
2023-12-13 13:48:10 INFO  logger:53 - login with valid credential
2023-12-13 13:48:14 INFO  logger:59 - click on create event button
2023-12-13 13:48:34 INFO  logger:67 - select the package
2023-12-13 13:48:35 INFO  logger:73 - select month and pro options
2023-12-13 13:48:38 INFO  logger:82 - fill the event details
2023-12-13 13:48:44 INFO  logger:99 - drag Photo in Boothdesign
2023-12-13 13:48:47 INFO  logger:113 - create new photo
2023-12-13 13:48:47 INFO  logger:121 - select the new single photo options
2023-12-13 13:49:00 INFO  logger:133 - drag the share options 
2023-12-13 13:49:03 INFO  logger:147 - select the share options 
2023-12-13 13:49:04 INFO  logger:153 - click on next button
2023-12-13 13:49:06 INFO  logger:160 - fill the neccessory data 
2023-12-13 13:49:10 INFO  logger:166 - assser the valid data for new  event 
2023-12-13 13:49:10 INFO  logger:169 - Event is created 
2023-12-13 14:02:35 INFO  logger:55 - login with valid credential
2023-12-13 14:02:38 INFO  logger:61 - click on create event button
2023-12-13 14:02:54 INFO  logger:69 - select the package
2023-12-13 14:02:55 INFO  logger:75 - select month and pro options
2023-12-13 14:02:58 INFO  logger:84 - fill the event details
2023-12-13 14:03:05 INFO  logger:91 - drag Gif in Boothdesign
2023-12-13 14:03:06 INFO  logger:109 - click on create new gif option
2023-12-13 14:03:07 INFO  logger:113 - fill the neccessory details in gif
2023-12-13 14:03:22 INFO  logger:129 - select the share options 
2023-12-13 14:03:24 INFO  logger:135 - click on next button
2023-12-13 14:03:26 INFO  logger:142 - fill the neccessory data 
2023-12-13 14:03:30 INFO  logger:148 - assser the valid data for new  event 
2023-12-13 14:03:30 INFO  logger:151 - Event is created 
2023-12-13 14:03:43 INFO  logger:53 - login with valid credential
2023-12-13 14:03:47 INFO  logger:59 - click on create event button
2023-12-13 14:04:05 INFO  logger:67 - select the package
2023-12-13 14:04:05 INFO  logger:73 - select month and pro options
2023-12-13 14:04:08 INFO  logger:82 - fill the event details
2023-12-13 14:04:14 INFO  logger:99 - drag Photo in Boothdesign
2023-12-13 14:04:17 INFO  logger:113 - create new photo
2023-12-13 14:04:17 INFO  logger:121 - select the new single photo options
2023-12-13 14:04:33 INFO  logger:133 - drag the share options 
2023-12-13 14:04:54 INFO  logger:147 - select the share options 
2023-12-13 14:04:56 INFO  logger:153 - click on next button
2023-12-13 14:04:58 INFO  logger:160 - fill the neccessory data 
2023-12-13 14:05:13 INFO  logger:166 - assser the valid data for new  event 
2023-12-13 14:05:13 INFO  logger:169 - Event is created 
2023-12-13 14:10:24 INFO  logger:55 - login with valid credential
2023-12-13 14:11:34 INFO  logger:61 - click on create event button
2023-12-13 14:11:46 INFO  logger:69 - select the package
2023-12-13 14:12:12 INFO  logger:55 - login with valid credential
2023-12-13 14:12:12 INFO  logger:55 - login with valid credential
2023-12-13 14:12:12 INFO  logger:55 - login with valid credential
2023-12-13 14:12:18 INFO  logger:53 - login with valid credential
2023-12-13 14:12:22 INFO  logger:59 - click on create event button
2023-12-13 14:12:46 INFO  logger:67 - select the package
2023-12-13 14:12:46 INFO  logger:73 - select month and pro options
2023-12-13 14:12:50 INFO  logger:82 - fill the event details
2023-12-13 14:13:02 INFO  logger:99 - drag Photo in Boothdesign
2023-12-13 14:13:20 INFO  logger:113 - create new photo
2023-12-13 14:13:20 INFO  logger:121 - select the new single photo options
2023-12-13 14:13:38 INFO  logger:133 - drag the share options 
2023-12-13 14:13:56 INFO  logger:147 - select the share options 
2023-12-13 14:13:58 INFO  logger:153 - click on next button
2023-12-13 14:14:00 INFO  logger:160 - fill the neccessory data 
2023-12-13 14:14:04 INFO  logger:166 - assser the valid data for new  event 
2023-12-13 14:14:04 INFO  logger:169 - Event is created 
2023-12-13 14:17:27 INFO  logger:55 - login with valid credential
2023-12-13 14:17:31 INFO  logger:61 - click on create event button
2023-12-13 14:17:48 INFO  logger:69 - select the package
2023-12-13 14:17:48 INFO  logger:75 - select month and pro options
2023-12-13 14:17:51 INFO  logger:84 - fill the event details
2023-12-13 14:17:57 INFO  logger:91 - drag Gif in Boothdesign
2023-12-13 14:17:59 INFO  logger:109 - click on create new gif option
2023-12-13 14:17:59 INFO  logger:113 - fill the neccessory details in gif
2023-12-13 14:18:13 INFO  logger:129 - select the share options 
2023-12-13 14:18:22 INFO  logger:55 - login with valid credential
2023-12-13 14:18:25 INFO  logger:61 - click on create event button
2023-12-13 14:18:42 INFO  logger:69 - select the package
2023-12-13 14:18:42 INFO  logger:75 - select month and pro options
2023-12-13 14:18:46 INFO  logger:84 - fill the event details
2023-12-13 14:18:52 INFO  logger:91 - drag Gif in Boothdesign
2023-12-13 14:18:53 INFO  logger:109 - click on create new gif option
2023-12-13 14:18:54 INFO  logger:113 - fill the neccessory details in gif
2023-12-13 14:19:08 INFO  logger:129 - select the share options 
2023-12-13 14:19:13 INFO  logger:55 - login with valid credential
2023-12-13 14:19:22 INFO  logger:61 - click on create event button
2023-12-13 14:19:39 INFO  logger:69 - select the package
2023-12-13 14:19:39 INFO  logger:75 - select month and pro options
2023-12-13 14:19:43 INFO  logger:84 - fill the event details
2023-12-13 14:19:49 INFO  logger:91 - drag Gif in Boothdesign
2023-12-13 14:19:50 INFO  logger:109 - click on create new gif option
2023-12-13 14:19:51 INFO  logger:113 - fill the neccessory details in gif
2023-12-13 14:20:05 INFO  logger:129 - select the share options 
2023-12-13 14:20:07 INFO  logger:135 - click on next button
2023-12-13 14:20:09 INFO  logger:142 - fill the neccessory data 
2023-12-13 14:20:13 INFO  logger:148 - assser the valid data for new  event 
2023-12-13 14:20:13 INFO  logger:151 - Event is created 
